2020-05-06 00:12:46.011  INFO 28136 --- [main] r.k.o.s.brokerage.BrokerageApplication   : No active profile set, falling back to default profiles: default
2020-05-06 00:12:46.767  INFO 28136 --- [main] .s.d.r.c.RepositoryConfigurationDelegate : Bootstrapping Spring Data repositories in DEFAULT mode.
2020-05-06 00:12:46.914  INFO 28136 --- [main] .s.d.r.c.RepositoryConfigurationDelegate : Finished Spring Data repository scanning in 134ms. Found 5 repository interfaces.
2020-05-06 00:12:47.016  WARN 28136 --- [main] o.s.boot.actuate.endpoint.EndpointId     : Endpoint ID 'hystrix.stream' contains invalid characters, please migrate to a valid format.
2020-05-06 00:12:47.202  INFO 28136 --- [main] o.s.cloud.context.scope.GenericScope     : BeanFactory id=cbcff034-762a-3fae-b50f-f45c2fb9f670
2020-05-06 00:12:47.309  INFO 28136 --- [main] trationDelegate$BeanPostProcessorChecker : Bean 'org.springframework.transaction.annotation.ProxyTransactionManagementConfiguration' of type [org.springframework.transaction.annotation.ProxyTransactionManagementConfiguration$$EnhancerBySpringCGLIB$$dd532a8f] is not eligible for getting processed by all BeanPostProcessors (for example: not eligible for auto-proxying)
2020-05-06 00:12:47.408  INFO 28136 --- [main] trationDelegate$BeanPostProcessorChecker : Bean 'org.springframework.hateoas.config.HateoasConfiguration' of type [org.springframework.hateoas.config.HateoasConfiguration$$EnhancerBySpringCGLIB$$5cd377c1] is not eligible for getting processed by all BeanPostProcessors (for example: not eligible for auto-proxying)
2020-05-06 00:12:47.419  INFO 28136 --- [main] trationDelegate$BeanPostProcessorChecker : Bean 'org.springframework.cloud.autoconfigure.ConfigurationPropertiesRebinderAutoConfiguration' of type [org.springframework.cloud.autoconfigure.ConfigurationPropertiesRebinderAutoConfiguration$$EnhancerBySpringCGLIB$$f96d2d8c] is not eligible for getting processed by all BeanPostProcessors (for example: not eligible for auto-proxying)
2020-05-06 00:12:47.790  INFO 28136 --- [main] o.s.b.w.embedded.tomcat.TomcatWebServer  : Tomcat initialized with port(s): 8080 (http)
2020-05-06 00:12:47.810  INFO 28136 --- [main] o.apache.catalina.core.StandardService   : Starting service [Tomcat]
2020-05-06 00:12:47.810  INFO 28136 --- [main] org.apache.catalina.core.StandardEngine  : Starting Servlet engine: [Apache Tomcat/9.0.21]
2020-05-06 00:12:48.037  INFO 28136 --- [main] o.a.c.c.C.[Tomcat].[localhost].[/]       : Initializing Spring embedded WebApplicationContext
2020-05-06 00:12:48.039  INFO 28136 --- [main] o.s.web.context.ContextLoader            : Root WebApplicationContext: initialization completed in 2019 ms
2020-05-06 00:12:48.244  WARN 28136 --- [main] c.n.c.sources.URLConfigurationSource     : No URLs will be polled as dynamic configuration sources.
2020-05-06 00:12:48.244  INFO 28136 --- [main] c.n.c.sources.URLConfigurationSource     : To enable URLs as dynamic configuration sources, define System property archaius.configurationSource.additionalUrls or make config.properties available on classpath.
2020-05-06 00:12:48.252  INFO 28136 --- [main] c.netflix.config.DynamicPropertyFactory  : DynamicPropertyFactory is initialized with configuration sources: com.netflix.config.ConcurrentCompositeConfiguration@39de9bda
2020-05-06 00:12:48.986  INFO 28136 --- [main] o.s.b.a.e.web.ServletEndpointRegistrar   : Registered '/actuator/hystrix.stream' to hystrix.stream-actuator-endpoint
2020-05-06 00:12:49.086  INFO 28136 --- [main] com.zaxxer.hikari.HikariDataSource       : HikariPool-1 - Starting...
2020-05-06 00:12:49.166  INFO 28136 --- [main] com.zaxxer.hikari.HikariDataSource       : HikariPool-1 - Start completed.
2020-05-06 00:12:49.224  INFO 28136 --- [main] o.hibernate.jpa.internal.util.LogHelper  : HHH000204: Processing PersistenceUnitInfo [
	name: default
	...]
2020-05-06 00:12:49.280  INFO 28136 --- [main] org.hibernate.Version                    : HHH000412: Hibernate Core {5.3.10.Final}
2020-05-06 00:12:49.281  INFO 28136 --- [main] org.hibernate.cfg.Environment            : HHH000206: hibernate.properties not found
2020-05-06 00:12:49.396  INFO 28136 --- [main] o.hibernate.annotations.common.Version   : HCANN000001: Hibernate Commons Annotations {5.0.4.Final}
2020-05-06 00:12:49.583  INFO 28136 --- [main] org.hibernate.dialect.Dialect            : HHH000400: Using dialect: org.hibernate.dialect.H2Dialect
2020-05-06 00:12:50.320  INFO 28136 --- [main] o.h.t.schema.internal.SchemaCreatorImpl  : HHH000476: Executing import script 'org.hibernate.tool.schema.internal.exec.ScriptSourceInputNonExistentImpl@3e2c8ef'
2020-05-06 00:12:50.324  INFO 28136 --- [main] j.LocalContainerEntityManagerFactoryBean : Initialized JPA EntityManagerFactory for persistence unit 'default'
2020-05-06 00:12:51.486  WARN 28136 --- [main] c.n.c.sources.URLConfigurationSource     : No URLs will be polled as dynamic configuration sources.
2020-05-06 00:12:51.486  INFO 28136 --- [main] c.n.c.sources.URLConfigurationSource     : To enable URLs as dynamic configuration sources, define System property archaius.configurationSource.additionalUrls or make config.properties available on classpath.
2020-05-06 00:12:51.739  INFO 28136 --- [main] o.s.s.concurrent.ThreadPoolTaskExecutor  : Initializing ExecutorService 'applicationTaskExecutor'
2020-05-06 00:12:51.785  WARN 28136 --- [main] aWebConfiguration$JpaWebMvcConfiguration : spring.jpa.open-in-view is enabled by default. Therefore, database queries may be performed during view rendering. Explicitly configure spring.jpa.open-in-view to disable this warning
2020-05-06 00:12:52.993  INFO 28136 --- [main] o.s.b.a.e.web.EndpointLinksResolver      : Exposing 4 endpoint(s) beneath base path '/actuator'
2020-05-06 00:12:53.132  INFO 28136 --- [main] o.s.b.w.embedded.tomcat.TomcatWebServer  : Tomcat started on port(s): 8080 (http) with context path ''
2020-05-06 00:12:53.135  INFO 28136 --- [main] r.k.o.s.brokerage.BrokerageApplication   : Started BrokerageApplication in 8.535 seconds (JVM running for 9.267)
2020-05-06 00:12:53.931  INFO 28136 --- [RMI TCP Connection(3)-192.168.99.1] o.a.c.c.C.[Tomcat].[localhost].[/]       : Initializing Spring DispatcherServlet 'dispatcherServlet'
2020-05-06 00:12:53.932  INFO 28136 --- [RMI TCP Connection(3)-192.168.99.1] o.s.web.servlet.DispatcherServlet        : Initializing Servlet 'dispatcherServlet'
2020-05-06 00:12:53.950  INFO 28136 --- [RMI TCP Connection(3)-192.168.99.1] o.s.web.servlet.DispatcherServlet        : Completed initialization in 18 ms
2020-05-06 00:13:06.601  INFO 28136 --- [hystrix-ClientGroup-1] o.h.h.i.QueryTranslatorFactoryInitiator  : HHH000397: Using ASTQueryTranslatorFactory
