1577351230590:j
1577352644453:a
1577354339626:aj
1577355019213:aa
1577355655923:фaa
1577355657240:aa
1577355769291:bj
1577355925166:aa
1577355938258:b
1577355947402:j
1577355957002:aj
1577355958570:j
1577356292478:baid
1577356524064:baln
1577363387331:ab
1577363424177:ab Новая книга, 1, 5\\
1577363448092:ab "овая книга" 1 1
1577363473149:ab "Новая книга" 1 5
1577363495494:ab "Новая книга" 1 1
1577363506077:ab "Новая книга" 1 5
1577363634356:ab 'Новая книга' 1 5
1577364211921:ab
1577368322695:bc
1577368326501:ab
1577454869703:aa
1577455183456:фф
1577455184784:aa
1577455383710:фф
1577455385482:aa
1577642788369:aj
1577643227267:j
1577643231037:aj
1577645542403:g
1577645551688:ag
1577645955475:g
1578035193876:ab
1578035689926:aa
1578035902648:a
1578035909304:g
1578035910600:ag
1578035912720:b
1578035914264:ab
1578041428270:b
1578041431882:ab
1578060179990:b
1579343204341:ag
1579343231162:aa
1579344280633:ab
1579344284079:aa
1579344286165:ab
1579344288157:ag
1579344289965:ab
1579344923254:aa
1579344924676:ag
1579344925900:ab
1579345008725:aa
1579345010161:ag
1579345011698:ab
1579345162631:aa
1579345164927:ag
1579345166557:ab
1579345219292:aa
1579345221881:ag
1579345224665:ab
1579345357989:aa
1579345358929:ag
1579345360057:ab
1579345382059:ac
1579346306748:aa
1579346414284:ag
1579346415692:ac
1579346418420:ab
1579346419492:ac
1579346440244:g
1579346442165:b
1579346442741:a
1579346444189:c
1579346449365:bg
1579348837540:baid
1579348843466:baln
1579348854033:c
1579363419300:aa
1579364940720:ag
1579364942077:ac
1579364944859:ab
1579364946580:ac
1579364960028:baid
1579364968643:baln
1579365016664:bg
1579366149641:aa
1579366151583:ag
1579366153411:ac
1579366154973:ab
1579366155780:ac
1579366157793:c
1579366159293:b
1579366162836:baid
1579366233148:aa
1579366237816:ag
1579366239749:ab
1579366242066:ac
1579366242981:c
1579366537236:g
1579366541857:aa
1579366543825:ag
1579366545139:ab
1579366549159:ac
1579366552287:c
1579366553594:g
1579366558868:bg
1579366563895:baid
1579366568972:baln
1579366572884:ag
1579366598594:aa
1579366600328:ag
1579366634607:cbid
1579366642326:dc
1579366643807:c
1579367237384:aa
1579367239425:ag
1579367240530:ab
1579367241838:ac
1579459595197:g
1579459598615:b
1579459601027:a
1579459602136:aa
1579459604161:ag
1579459605323:ab
1579464898000:ф
1579464899014:a
1579464900720:aa
1579464901973:ag
1579464902745:g
1579464903945:ab
1579464927483:aa
1579464929013:ag
1579464929577:ab
1579465175742:b
1579465178256:ab
1579465257083:aa
1579465258615:ab
1579465260104:b
1579540062557:aa
1579540067432:ab
